2025-09-05 16:41:04,426 - INFO - Array initialized successfully
2025-09-05 16:41:04,432 - INFO - 
Processing 10 days from 2024-01-01 to 2024-01-10
2025-09-05 16:41:04,437 - ERROR - Failed to process 2024-01-01: 'seismicarray' object has no attribute 'get_waveforms'
2025-09-05 16:41:04,437 - ERROR - Failed to process 2024-01-02: 'seismicarray' object has no attribute 'get_waveforms'
2025-09-05 16:41:04,437 - ERROR - Failed to process 2024-01-03: 'seismicarray' object has no attribute 'get_waveforms'
2025-09-05 16:41:04,437 - ERROR - Failed to process 2024-01-04: 'seismicarray' object has no attribute 'get_waveforms'
2025-09-05 16:41:04,437 - ERROR - Failed to process 2024-01-05: 'seismicarray' object has no attribute 'get_waveforms'
2025-09-05 16:41:04,437 - ERROR - Failed to process 2024-01-06: 'seismicarray' object has no attribute 'get_waveforms'
2025-09-05 16:41:04,437 - ERROR - Failed to process 2024-01-07: 'seismicarray' object has no attribute 'get_waveforms'
2025-09-05 16:41:04,437 - ERROR - Failed to process 2024-01-08: 'seismicarray' object has no attribute 'get_waveforms'
2025-09-05 16:41:04,437 - ERROR - Failed to process 2024-01-09: 'seismicarray' object has no attribute 'get_waveforms'
2025-09-05 16:41:04,438 - ERROR - Failed to process 2024-01-10: 'seismicarray' object has no attribute 'get_waveforms'
2025-09-05 16:41:04,935 - INFO - 
Processing Summary:
2025-09-05 16:41:04,935 - INFO - Total days processed: 10
2025-09-05 16:41:04,935 - INFO - Successful: 0
2025-09-05 16:41:04,935 - INFO - Failed: 10
2025-09-05 16:41:04,935 - INFO - 
Average stations per day: 0.0
2025-09-05 16:41:04,935 - INFO - Average processing time: 0.0s
2025-09-05 16:41:04,935 - INFO - 
Summary plot saved to: figures/processing_summary.png
2025-09-05 16:41:04,935 - INFO - Statistics saved to: figures/processing_stats.csv
2025-09-05 16:43:23,802 - INFO - Array initialized successfully
2025-09-05 16:43:23,802 - INFO - 
Processing 10 days from 2024-01-01 to 2024-01-10
2025-09-05 16:47:55,698 - INFO - Array initialized successfully
2025-09-05 16:47:55,704 - INFO - Processing 10 days from 2024-01-01 to 2024-01-10
2025-09-05 16:52:10,950 - ERROR - Failed to process 2024-01-01: ADR computation failed: unsupported operand type(s) for ** or pow(): 'str' and 'int'
2025-09-05 16:56:18,175 - ERROR - Failed to process 2024-01-02: ADR computation failed: unsupported operand type(s) for ** or pow(): 'str' and 'int'
2025-09-05 17:00:21,411 - ERROR - Failed to process 2024-01-03: ADR computation failed: unsupported operand type(s) for ** or pow(): 'str' and 'int'
2025-09-05 17:02:08,934 - INFO - Array initialized successfully
2025-09-05 17:02:08,936 - INFO - Processing 3 days from 2024-01-01 to 2024-01-03
2025-09-05 17:06:14,578 - ERROR - Failed to process 2024-01-01: ADR computation failed: unsupported operand type(s) for ** or pow(): 'str' and 'int'
2025-09-05 17:09:00,142 - INFO - Array initialized successfully
2025-09-05 17:09:00,142 - INFO - Processing 3 days from 2024-01-01 to 2024-01-03
2025-09-05 17:09:00,149 - INFO - Processing 2024-01-01 from 2024-01-01T00:00:00.000000Z to 2024-01-02T00:00:00.000000Z
2025-09-05 17:09:00,149 - INFO - ADR Parameters: vp=6200, vs=3700, sigmau=1e-9
2025-09-05 17:09:00,149 - INFO - Requesting station inventories...
2025-09-05 17:09:05,629 - INFO - Retrieved inventories for 14 stations
2025-09-05 17:09:05,629 - INFO - Requesting and processing waveforms...
2025-09-05 17:09:05,629 - INFO - Filter parameters: {'type': 'bandpass', 'freqmin': 0.001, 'freqmax': 10.0, 'corners': 4, 'zerophase': True}
2025-09-05 17:10:32,271 - INFO - Array initialized successfully
2025-09-05 17:10:32,271 - INFO - Processing 3 days from 2024-01-01 to 2024-01-03
2025-09-05 17:10:32,273 - INFO - Processing 2024-01-01 from 2024-01-01T00:00:00.000000Z to 2024-01-02T00:00:00.000000Z
2025-09-05 17:10:32,273 - INFO - ADR Parameters: vp=6200, vs=3700, sigmau=1e-9
2025-09-05 17:10:32,273 - INFO - Requesting station inventories...
2025-09-05 17:10:33,653 - INFO - Retrieved inventories for 4 stations
2025-09-05 17:10:33,654 - INFO - Requesting and processing waveforms...
2025-09-05 17:10:33,654 - INFO - Filter parameters: {'type': 'bandpass', 'freqmin': 0.001, 'freqmax': 1.0, 'corners': 4, 'zerophase': True}
2025-09-05 17:11:53,400 - INFO - Retrieved waveforms from 4 valid stations
2025-09-05 17:11:53,401 - INFO - Computing ADR...
2025-09-05 17:11:53,468 - ERROR - ADR computation failed with error: ADR computation failed: unsupported operand type(s) for ** or pow(): 'str' and 'int'
2025-09-05 17:11:53,468 - ERROR - Stream state: 12 traces
2025-09-05 17:11:53,469 - ERROR - Trace PY.PFOIX..BHE:                network: PY
               station: PFOIX
              location: 
               channel: BHE
             starttime: 2024-01-01T00:00:00.000000Z
               endtime: 2024-01-01T23:59:59.975000Z
         sampling_rate: 40.0
                 delta: 0.025
                  npts: 3456000
                 calib: 1.0
_fdsnws_dataselect_url: http://service.iris.edu/fdsnws/dataselect/1/query
               _format: MSEED
                 mseed: AttribDict({'dataquality': 'M', 'number_of_records': 5327, 'encoding': 'STEIM2', 'byteorder': '>', 'record_length': 512, 'filesize': 8238080})
            processing: ['ObsPy 1.4.0: trim(endtime=UTCDateTime(2024, 1, 2, 0, 0)::fill_value=None::nearest_sample=True::pad=False::starttime=UTCDateTime(2024, 1, 1, 0, 0))', "ObsPy 1.4.0: remove_response(fig=None::inventory=<obspy.core.inventory.inventory.Inventory object at 0x7f49a69d0b80>::output='VEL'::plot=False::pre_filt=None::taper=True::taper_fraction=0.05::water_level=60::zero_mean=True)", "ObsPy 1.4.0: detrend(options={}::type='demean')", "ObsPy 1.4.0: detrend(options={}::type='linear')", "ObsPy 1.4.0: detrend(options={}::type='simple')", "ObsPy 1.4.0: taper(max_length=None::max_percentage=0.02::side='both'::type='hann')", "ObsPy 1.4.0: filter(options={'freqmin': 0.001, 'freqmax': 1.0, 'corners': 4, 'zerophase': True}::type='bandpass')", "ObsPy 1.4.0: detrend(options={}::type='demean')"]
2025-09-05 17:11:53,469 - ERROR - Trace PY.PFOIX..BHN:                network: PY
               station: PFOIX
              location: 
               channel: BHN
             starttime: 2024-01-01T00:00:00.000000Z
               endtime: 2024-01-01T23:59:59.975000Z
         sampling_rate: 40.0
                 delta: 0.025
                  npts: 3456000
                 calib: 1.0
_fdsnws_dataselect_url: http://service.iris.edu/fdsnws/dataselect/1/query
               _format: MSEED
                 mseed: AttribDict({'dataquality': 'M', 'number_of_records': 5282, 'encoding': 'STEIM2', 'byteorder': '>', 'record_length': 512, 'filesize': 8238080})
            processing: ['ObsPy 1.4.0: trim(endtime=UTCDateTime(2024, 1, 2, 0, 0)::fill_value=None::nearest_sample=True::pad=False::starttime=UTCDateTime(2024, 1, 1, 0, 0))', "ObsPy 1.4.0: remove_response(fig=None::inventory=<obspy.core.inventory.inventory.Inventory object at 0x7f49a69d0b80>::output='VEL'::plot=False::pre_filt=None::taper=True::taper_fraction=0.05::water_level=60::zero_mean=True)", "ObsPy 1.4.0: detrend(options={}::type='demean')", "ObsPy 1.4.0: detrend(options={}::type='linear')", "ObsPy 1.4.0: detrend(options={}::type='simple')", "ObsPy 1.4.0: taper(max_length=None::max_percentage=0.02::side='both'::type='hann')", "ObsPy 1.4.0: filter(options={'freqmin': 0.001, 'freqmax': 1.0, 'corners': 4, 'zerophase': True}::type='bandpass')", "ObsPy 1.4.0: detrend(options={}::type='demean')"]
2025-09-05 17:11:53,469 - ERROR - Trace PY.PFOIX..BHZ:                network: PY
               station: PFOIX
              location: 
               channel: BHZ
             starttime: 2024-01-01T00:00:00.000000Z
               endtime: 2024-01-01T23:59:59.975000Z
         sampling_rate: 40.0
                 delta: 0.025
                  npts: 3456000
                 calib: 1.0
_fdsnws_dataselect_url: http://service.iris.edu/fdsnws/dataselect/1/query
               _format: MSEED
                 mseed: AttribDict({'dataquality': 'M', 'number_of_records': 5481, 'encoding': 'STEIM2', 'byteorder': '>', 'record_length': 512, 'filesize': 8238080})
            processing: ['ObsPy 1.4.0: trim(endtime=UTCDateTime(2024, 1, 2, 0, 0)::fill_value=None::nearest_sample=True::pad=False::starttime=UTCDateTime(2024, 1, 1, 0, 0))', "ObsPy 1.4.0: remove_response(fig=None::inventory=<obspy.core.inventory.inventory.Inventory object at 0x7f49a69d0b80>::output='VEL'::plot=False::pre_filt=None::taper=True::taper_fraction=0.05::water_level=60::zero_mean=True)", "ObsPy 1.4.0: detrend(options={}::type='demean')", "ObsPy 1.4.0: detrend(options={}::type='linear')", "ObsPy 1.4.0: detrend(options={}::type='simple')", "ObsPy 1.4.0: taper(max_length=None::max_percentage=0.02::side='both'::type='hann')", "ObsPy 1.4.0: filter(options={'freqmin': 0.001, 'freqmax': 1.0, 'corners': 4, 'zerophase': True}::type='bandpass')", "ObsPy 1.4.0: detrend(options={}::type='demean')"]
2025-09-05 17:11:53,469 - ERROR - Trace PY.BPH01..BHE:                network: PY
               station: BPH01
              location: 
               channel: BHE
             starttime: 2024-01-01T00:00:00.021900Z
               endtime: 2024-01-01T23:59:59.996900Z
         sampling_rate: 40.0
                 delta: 0.025
                  npts: 3456000
                 calib: 1.0
_fdsnws_dataselect_url: http://service.iris.edu/fdsnws/dataselect/1/query
               _format: MSEED
                 mseed: AttribDict({'dataquality': 'M', 'number_of_records': 5439, 'encoding': 'STEIM2', 'byteorder': '>', 'record_length': 512, 'filesize': 8424960})
            processing: ['ObsPy 1.4.0: trim(endtime=UTCDateTime(2024, 1, 1, 23, 59, 59, 996900)::fill_value=None::nearest_sample=True::pad=False::starttime=UTCDateTime(2023, 12, 31, 23, 59, 59, 996900))', "ObsPy 1.4.0: remove_response(fig=None::inventory=<obspy.core.inventory.inventory.Inventory object at 0x7f49a5aae0b0>::output='VEL'::plot=False::pre_filt=None::taper=True::taper_fraction=0.05::water_level=60::zero_mean=True)", "ObsPy 1.4.0: detrend(options={}::type='demean')", "ObsPy 1.4.0: detrend(options={}::type='linear')", "ObsPy 1.4.0: detrend(options={}::type='simple')", "ObsPy 1.4.0: taper(max_length=None::max_percentage=0.02::side='both'::type='hann')", "ObsPy 1.4.0: filter(options={'freqmin': 0.001, 'freqmax': 1.0, 'corners': 4, 'zerophase': True}::type='bandpass')", "ObsPy 1.4.0: detrend(options={}::type='demean')"]
2025-09-05 17:11:53,469 - ERROR - Trace PY.BPH01..BHN:                network: PY
               station: BPH01
              location: 
               channel: BHN
             starttime: 2024-01-01T00:00:00.021900Z
               endtime: 2024-01-01T23:59:59.996900Z
         sampling_rate: 40.0
                 delta: 0.025
                  npts: 3456000
                 calib: 1.0
_fdsnws_dataselect_url: http://service.iris.edu/fdsnws/dataselect/1/query
               _format: MSEED
                 mseed: AttribDict({'dataquality': 'M', 'number_of_records': 5427, 'encoding': 'STEIM2', 'byteorder': '>', 'record_length': 512, 'filesize': 8424960})
            processing: ['ObsPy 1.4.0: trim(endtime=UTCDateTime(2024, 1, 1, 23, 59, 59, 996900)::fill_value=None::nearest_sample=True::pad=False::starttime=UTCDateTime(2023, 12, 31, 23, 59, 59, 996900))', "ObsPy 1.4.0: remove_response(fig=None::inventory=<obspy.core.inventory.inventory.Inventory object at 0x7f49a5aae0b0>::output='VEL'::plot=False::pre_filt=None::taper=True::taper_fraction=0.05::water_level=60::zero_mean=True)", "ObsPy 1.4.0: detrend(options={}::type='demean')", "ObsPy 1.4.0: detrend(options={}::type='linear')", "ObsPy 1.4.0: detrend(options={}::type='simple')", "ObsPy 1.4.0: taper(max_length=None::max_percentage=0.02::side='both'::type='hann')", "ObsPy 1.4.0: filter(options={'freqmin': 0.001, 'freqmax': 1.0, 'corners': 4, 'zerophase': True}::type='bandpass')", "ObsPy 1.4.0: detrend(options={}::type='demean')"]
2025-09-05 17:11:53,469 - ERROR - Trace PY.BPH01..BHZ:                network: PY
               station: BPH01
              location: 
               channel: BHZ
             starttime: 2024-01-01T00:00:00.021900Z
               endtime: 2024-01-01T23:59:59.996900Z
         sampling_rate: 40.0
                 delta: 0.025
                  npts: 3456000
                 calib: 1.0
_fdsnws_dataselect_url: http://service.iris.edu/fdsnws/dataselect/1/query
               _format: MSEED
                 mseed: AttribDict({'dataquality': 'M', 'number_of_records': 5589, 'encoding': 'STEIM2', 'byteorder': '>', 'record_length': 512, 'filesize': 8424960})
            processing: ['ObsPy 1.4.0: trim(endtime=UTCDateTime(2024, 1, 1, 23, 59, 59, 996900)::fill_value=None::nearest_sample=True::pad=False::starttime=UTCDateTime(2023, 12, 31, 23, 59, 59, 996900))', "ObsPy 1.4.0: remove_response(fig=None::inventory=<obspy.core.inventory.inventory.Inventory object at 0x7f49a5aae0b0>::output='VEL'::plot=False::pre_filt=None::taper=True::taper_fraction=0.05::water_level=60::zero_mean=True)", "ObsPy 1.4.0: detrend(options={}::type='demean')", "ObsPy 1.4.0: detrend(options={}::type='linear')", "ObsPy 1.4.0: detrend(options={}::type='simple')", "ObsPy 1.4.0: taper(max_length=None::max_percentage=0.02::side='both'::type='hann')", "ObsPy 1.4.0: filter(options={'freqmin': 0.001, 'freqmax': 1.0, 'corners': 4, 'zerophase': True}::type='bandpass')", "ObsPy 1.4.0: detrend(options={}::type='demean')"]
2025-09-05 17:11:53,469 - ERROR - Trace PY.BPH02..BHE:                network: PY
               station: BPH02
              location: 
               channel: BHE
             starttime: 2024-01-01T00:00:00.019500Z
               endtime: 2024-01-01T23:59:59.994500Z
         sampling_rate: 40.0
                 delta: 0.025
                  npts: 3456000
                 calib: 1.0
_fdsnws_dataselect_url: http://service.iris.edu/fdsnws/dataselect/1/query
               _format: MSEED
                 mseed: AttribDict({'dataquality': 'M', 'number_of_records': 5507, 'encoding': 'STEIM2', 'byteorder': '>', 'record_length': 512, 'filesize': 8529920})
            processing: ['ObsPy 1.4.0: trim(endtime=UTCDateTime(2024, 1, 1, 23, 59, 59, 994500)::fill_value=None::nearest_sample=True::pad=False::starttime=UTCDateTime(2023, 12, 31, 23, 59, 59, 994500))', "ObsPy 1.4.0: remove_response(fig=None::inventory=<obspy.core.inventory.inventory.Inventory object at 0x7f49a6a31510>::output='VEL'::plot=False::pre_filt=None::taper=True::taper_fraction=0.05::water_level=60::zero_mean=True)", "ObsPy 1.4.0: detrend(options={}::type='demean')", "ObsPy 1.4.0: detrend(options={}::type='linear')", "ObsPy 1.4.0: detrend(options={}::type='simple')", "ObsPy 1.4.0: taper(max_length=None::max_percentage=0.02::side='both'::type='hann')", "ObsPy 1.4.0: filter(options={'freqmin': 0.001, 'freqmax': 1.0, 'corners': 4, 'zerophase': True}::type='bandpass')", "ObsPy 1.4.0: detrend(options={}::type='demean')"]
2025-09-05 17:11:53,469 - ERROR - Trace PY.BPH02..BHN:                network: PY
               station: BPH02
              location: 
               channel: BHN
             starttime: 2024-01-01T00:00:00.019500Z
               endtime: 2024-01-01T23:59:59.994500Z
         sampling_rate: 40.0
                 delta: 0.025
                  npts: 3456000
                 calib: 1.0
_fdsnws_dataselect_url: http://service.iris.edu/fdsnws/dataselect/1/query
               _format: MSEED
                 mseed: AttribDict({'dataquality': 'M', 'number_of_records': 5432, 'encoding': 'STEIM2', 'byteorder': '>', 'record_length': 512, 'filesize': 8529920})
            processing: ['ObsPy 1.4.0: trim(endtime=UTCDateTime(2024, 1, 1, 23, 59, 59, 994500)::fill_value=None::nearest_sample=True::pad=False::starttime=UTCDateTime(2023, 12, 31, 23, 59, 59, 994500))', "ObsPy 1.4.0: remove_response(fig=None::inventory=<obspy.core.inventory.inventory.Inventory object at 0x7f49a6a31510>::output='VEL'::plot=False::pre_filt=None::taper=True::taper_fraction=0.05::water_level=60::zero_mean=True)", "ObsPy 1.4.0: detrend(options={}::type='demean')", "ObsPy 1.4.0: detrend(options={}::type='linear')", "ObsPy 1.4.0: detrend(options={}::type='simple')", "ObsPy 1.4.0: taper(max_length=None::max_percentage=0.02::side='both'::type='hann')", "ObsPy 1.4.0: filter(options={'freqmin': 0.001, 'freqmax': 1.0, 'corners': 4, 'zerophase': True}::type='bandpass')", "ObsPy 1.4.0: detrend(options={}::type='demean')"]
2025-09-05 17:11:53,469 - ERROR - Trace PY.BPH02..BHZ:                network: PY
               station: BPH02
              location: 
               channel: BHZ
             starttime: 2024-01-01T00:00:00.019500Z
               endtime: 2024-01-01T23:59:59.994500Z
         sampling_rate: 40.0
                 delta: 0.025
                  npts: 3456000
                 calib: 1.0
_fdsnws_dataselect_url: http://service.iris.edu/fdsnws/dataselect/1/query
               _format: MSEED
                 mseed: AttribDict({'dataquality': 'M', 'number_of_records': 5721, 'encoding': 'STEIM2', 'byteorder': '>', 'record_length': 512, 'filesize': 8529920})
            processing: ['ObsPy 1.4.0: trim(endtime=UTCDateTime(2024, 1, 1, 23, 59, 59, 994500)::fill_value=None::nearest_sample=True::pad=False::starttime=UTCDateTime(2023, 12, 31, 23, 59, 59, 994500))', "ObsPy 1.4.0: remove_response(fig=None::inventory=<obspy.core.inventory.inventory.Inventory object at 0x7f49a6a31510>::output='VEL'::plot=False::pre_filt=None::taper=True::taper_fraction=0.05::water_level=60::zero_mean=True)", "ObsPy 1.4.0: detrend(options={}::type='demean')", "ObsPy 1.4.0: detrend(options={}::type='linear')", "ObsPy 1.4.0: detrend(options={}::type='simple')", "ObsPy 1.4.0: taper(max_length=None::max_percentage=0.02::side='both'::type='hann')", "ObsPy 1.4.0: filter(options={'freqmin': 0.001, 'freqmax': 1.0, 'corners': 4, 'zerophase': True}::type='bandpass')", "ObsPy 1.4.0: detrend(options={}::type='demean')"]
2025-09-05 17:11:53,469 - ERROR - Trace PY.BPH03..BHE:                network: PY
               station: BPH03
              location: 
               channel: BHE
             starttime: 2024-01-01T00:00:00.019500Z
               endtime: 2024-01-01T23:59:59.994500Z
         sampling_rate: 40.0
                 delta: 0.025
                  npts: 3456000
                 calib: 1.0
_fdsnws_dataselect_url: http://service.iris.edu/fdsnws/dataselect/1/query
               _format: MSEED
                 mseed: AttribDict({'dataquality': 'M', 'number_of_records': 5226, 'encoding': 'STEIM2', 'byteorder': '>', 'record_length': 512, 'filesize': 8068608})
            processing: ['ObsPy 1.4.0: trim(endtime=UTCDateTime(2024, 1, 1, 23, 59, 59, 994500)::fill_value=None::nearest_sample=True::pad=False::starttime=UTCDateTime(2023, 12, 31, 23, 59, 59, 994500))', "ObsPy 1.4.0: remove_response(fig=None::inventory=<obspy.core.inventory.inventory.Inventory object at 0x7f49a69b0c40>::output='VEL'::plot=False::pre_filt=None::taper=True::taper_fraction=0.05::water_level=60::zero_mean=True)", "ObsPy 1.4.0: detrend(options={}::type='demean')", "ObsPy 1.4.0: detrend(options={}::type='linear')", "ObsPy 1.4.0: detrend(options={}::type='simple')", "ObsPy 1.4.0: taper(max_length=None::max_percentage=0.02::side='both'::type='hann')", "ObsPy 1.4.0: filter(options={'freqmin': 0.001, 'freqmax': 1.0, 'corners': 4, 'zerophase': True}::type='bandpass')", "ObsPy 1.4.0: detrend(options={}::type='demean')"]
2025-09-05 17:11:53,469 - ERROR - Trace PY.BPH03..BHN:                network: PY
               station: BPH03
              location: 
               channel: BHN
             starttime: 2024-01-01T00:00:00.019500Z
               endtime: 2024-01-01T23:59:59.994500Z
         sampling_rate: 40.0
                 delta: 0.025
                  npts: 3456000
                 calib: 1.0
_fdsnws_dataselect_url: http://service.iris.edu/fdsnws/dataselect/1/query
               _format: MSEED
                 mseed: AttribDict({'dataquality': 'M', 'number_of_records': 5185, 'encoding': 'STEIM2', 'byteorder': '>', 'record_length': 512, 'filesize': 8068608})
            processing: ['ObsPy 1.4.0: trim(endtime=UTCDateTime(2024, 1, 1, 23, 59, 59, 994500)::fill_value=None::nearest_sample=True::pad=False::starttime=UTCDateTime(2023, 12, 31, 23, 59, 59, 994500))', "ObsPy 1.4.0: remove_response(fig=None::inventory=<obspy.core.inventory.inventory.Inventory object at 0x7f49a69b0c40>::output='VEL'::plot=False::pre_filt=None::taper=True::taper_fraction=0.05::water_level=60::zero_mean=True)", "ObsPy 1.4.0: detrend(options={}::type='demean')", "ObsPy 1.4.0: detrend(options={}::type='linear')", "ObsPy 1.4.0: detrend(options={}::type='simple')", "ObsPy 1.4.0: taper(max_length=None::max_percentage=0.02::side='both'::type='hann')", "ObsPy 1.4.0: filter(options={'freqmin': 0.001, 'freqmax': 1.0, 'corners': 4, 'zerophase': True}::type='bandpass')", "ObsPy 1.4.0: detrend(options={}::type='demean')"]
2025-09-05 17:11:53,469 - ERROR - Trace PY.BPH03..BHZ:                network: PY
               station: BPH03
              location: 
               channel: BHZ
             starttime: 2024-01-01T00:00:00.019500Z
               endtime: 2024-01-01T23:59:59.994500Z
         sampling_rate: 40.0
                 delta: 0.025
                  npts: 3456000
                 calib: 1.0
_fdsnws_dataselect_url: http://service.iris.edu/fdsnws/dataselect/1/query
               _format: MSEED
                 mseed: AttribDict({'dataquality': 'M', 'number_of_records': 5348, 'encoding': 'STEIM2', 'byteorder': '>', 'record_length': 512, 'filesize': 8068608})
            processing: ['ObsPy 1.4.0: trim(endtime=UTCDateTime(2024, 1, 1, 23, 59, 59, 994500)::fill_value=None::nearest_sample=True::pad=False::starttime=UTCDateTime(2023, 12, 31, 23, 59, 59, 994500))', "ObsPy 1.4.0: remove_response(fig=None::inventory=<obspy.core.inventory.inventory.Inventory object at 0x7f49a69b0c40>::output='VEL'::plot=False::pre_filt=None::taper=True::taper_fraction=0.05::water_level=60::zero_mean=True)", "ObsPy 1.4.0: detrend(options={}::type='demean')", "ObsPy 1.4.0: detrend(options={}::type='linear')", "ObsPy 1.4.0: detrend(options={}::type='simple')", "ObsPy 1.4.0: taper(max_length=None::max_percentage=0.02::side='both'::type='hann')", "ObsPy 1.4.0: filter(options={'freqmin': 0.001, 'freqmax': 1.0, 'corners': 4, 'zerophase': True}::type='bandpass')", "ObsPy 1.4.0: detrend(options={}::type='demean')"]
2025-09-05 17:11:53,469 - ERROR - Failed to process 2024-01-01: ADR computation failed: ADR computation failed: unsupported operand type(s) for ** or pow(): 'str' and 'int'
2025-09-05 17:11:53,471 - INFO - Processing 2024-01-02 from 2024-01-02T00:00:00.000000Z to 2024-01-03T00:00:00.000000Z
2025-09-05 17:11:53,471 - INFO - ADR Parameters: vp=6200, vs=3700, sigmau=1e-9
2025-09-05 17:11:53,471 - INFO - Requesting station inventories...
2025-09-05 17:11:55,634 - INFO - Retrieved inventories for 4 stations
2025-09-05 17:11:55,634 - INFO - Requesting and processing waveforms...
2025-09-05 17:11:55,634 - INFO - Filter parameters: {'type': 'bandpass', 'freqmin': 0.001, 'freqmax': 1.0, 'corners': 4, 'zerophase': True}
2025-09-05 17:13:13,821 - INFO - Retrieved waveforms from 4 valid stations
2025-09-05 17:13:13,821 - INFO - Computing ADR...
2025-09-05 17:13:13,890 - ERROR - ADR computation failed with error: ADR computation failed: unsupported operand type(s) for ** or pow(): 'str' and 'int'
2025-09-05 17:13:13,890 - ERROR - Stream state: 12 traces
2025-09-05 17:13:13,890 - ERROR - Trace PY.PFOIX..BHE:                network: PY
               station: PFOIX
              location: 
               channel: BHE
             starttime: 2024-01-02T00:00:00.000000Z
               endtime: 2024-01-02T23:59:59.975000Z
         sampling_rate: 40.0
                 delta: 0.025
                  npts: 3456000
                 calib: 1.0
_fdsnws_dataselect_url: http://service.iris.edu/fdsnws/dataselect/1/query
               _format: MSEED
                 mseed: AttribDict({'dataquality': 'M', 'number_of_records': 5245, 'encoding': 'STEIM2', 'byteorder': '>', 'record_length': 512, 'filesize': 8100864})
            processing: ['ObsPy 1.4.0: trim(endtime=UTCDateTime(2024, 1, 3, 0, 0)::fill_value=None::nearest_sample=True::pad=False::starttime=UTCDateTime(2024, 1, 2, 0, 0))', "ObsPy 1.4.0: remove_response(fig=None::inventory=<obspy.core.inventory.inventory.Inventory object at 0x7f49a669f730>::output='VEL'::plot=False::pre_filt=None::taper=True::taper_fraction=0.05::water_level=60::zero_mean=True)", "ObsPy 1.4.0: detrend(options={}::type='demean')", "ObsPy 1.4.0: detrend(options={}::type='linear')", "ObsPy 1.4.0: detrend(options={}::type='simple')", "ObsPy 1.4.0: taper(max_length=None::max_percentage=0.02::side='both'::type='hann')", "ObsPy 1.4.0: filter(options={'freqmin': 0.001, 'freqmax': 1.0, 'corners': 4, 'zerophase': True}::type='bandpass')", "ObsPy 1.4.0: detrend(options={}::type='demean')"]
2025-09-05 17:13:13,890 - ERROR - Trace PY.PFOIX..BHN:                network: PY
               station: PFOIX
              location: 
               channel: BHN
             starttime: 2024-01-02T00:00:00.000000Z
               endtime: 2024-01-02T23:59:59.975000Z
         sampling_rate: 40.0
                 delta: 0.025
                  npts: 3456000
                 calib: 1.0
_fdsnws_dataselect_url: http://service.iris.edu/fdsnws/dataselect/1/query
               _format: MSEED
                 mseed: AttribDict({'dataquality': 'M', 'number_of_records': 5193, 'encoding': 'STEIM2', 'byteorder': '>', 'record_length': 512, 'filesize': 8100864})
            processing: ['ObsPy 1.4.0: trim(endtime=UTCDateTime(2024, 1, 3, 0, 0)::fill_value=None::nearest_sample=True::pad=False::starttime=UTCDateTime(2024, 1, 2, 0, 0))', "ObsPy 1.4.0: remove_response(fig=None::inventory=<obspy.core.inventory.inventory.Inventory object at 0x7f49a669f730>::output='VEL'::plot=False::pre_filt=None::taper=True::taper_fraction=0.05::water_level=60::zero_mean=True)", "ObsPy 1.4.0: detrend(options={}::type='demean')", "ObsPy 1.4.0: detrend(options={}::type='linear')", "ObsPy 1.4.0: detrend(options={}::type='simple')", "ObsPy 1.4.0: taper(max_length=None::max_percentage=0.02::side='both'::type='hann')", "ObsPy 1.4.0: filter(options={'freqmin': 0.001, 'freqmax': 1.0, 'corners': 4, 'zerophase': True}::type='bandpass')", "ObsPy 1.4.0: detrend(options={}::type='demean')"]
2025-09-05 17:13:13,890 - ERROR - Trace PY.PFOIX..BHZ:                network: PY
               station: PFOIX
              location: 
               channel: BHZ
             starttime: 2024-01-02T00:00:00.000000Z
               endtime: 2024-01-02T23:59:59.975000Z
         sampling_rate: 40.0
                 delta: 0.025
                  npts: 3456000
                 calib: 1.0
_fdsnws_dataselect_url: http://service.iris.edu/fdsnws/dataselect/1/query
               _format: MSEED
                 mseed: AttribDict({'dataquality': 'M', 'number_of_records': 5384, 'encoding': 'STEIM2', 'byteorder': '>', 'record_length': 512, 'filesize': 8100864})
            processing: ['ObsPy 1.4.0: trim(endtime=UTCDateTime(2024, 1, 3, 0, 0)::fill_value=None::nearest_sample=True::pad=False::starttime=UTCDateTime(2024, 1, 2, 0, 0))', "ObsPy 1.4.0: remove_response(fig=None::inventory=<obspy.core.inventory.inventory.Inventory object at 0x7f49a669f730>::output='VEL'::plot=False::pre_filt=None::taper=True::taper_fraction=0.05::water_level=60::zero_mean=True)", "ObsPy 1.4.0: detrend(options={}::type='demean')", "ObsPy 1.4.0: detrend(options={}::type='linear')", "ObsPy 1.4.0: detrend(options={}::type='simple')", "ObsPy 1.4.0: taper(max_length=None::max_percentage=0.02::side='both'::type='hann')", "ObsPy 1.4.0: filter(options={'freqmin': 0.001, 'freqmax': 1.0, 'corners': 4, 'zerophase': True}::type='bandpass')", "ObsPy 1.4.0: detrend(options={}::type='demean')"]
2025-09-05 17:13:13,890 - ERROR - Trace PY.BPH01..BHE:                network: PY
               station: BPH01
              location: 
               channel: BHE
             starttime: 2024-01-02T00:00:00.021900Z
               endtime: 2024-01-02T23:59:59.996900Z
         sampling_rate: 40.0
                 delta: 0.025
                  npts: 3456000
                 calib: 1.0
_fdsnws_dataselect_url: http://service.iris.edu/fdsnws/dataselect/1/query
               _format: MSEED
                 mseed: AttribDict({'dataquality': 'M', 'number_of_records': 5401, 'encoding': 'STEIM2', 'byteorder': '>', 'record_length': 512, 'filesize': 8346624})
            processing: ['ObsPy 1.4.0: trim(endtime=UTCDateTime(2024, 1, 2, 23, 59, 59, 996900)::fill_value=None::nearest_sample=True::pad=False::starttime=UTCDateTime(2024, 1, 1, 23, 59, 59, 996900))', "ObsPy 1.4.0: remove_response(fig=None::inventory=<obspy.core.inventory.inventory.Inventory object at 0x7f49a5aace20>::output='VEL'::plot=False::pre_filt=None::taper=True::taper_fraction=0.05::water_level=60::zero_mean=True)", "ObsPy 1.4.0: detrend(options={}::type='demean')", "ObsPy 1.4.0: detrend(options={}::type='linear')", "ObsPy 1.4.0: detrend(options={}::type='simple')", "ObsPy 1.4.0: taper(max_length=None::max_percentage=0.02::side='both'::type='hann')", "ObsPy 1.4.0: filter(options={'freqmin': 0.001, 'freqmax': 1.0, 'corners': 4, 'zerophase': True}::type='bandpass')", "ObsPy 1.4.0: detrend(options={}::type='demean')"]
2025-09-05 17:13:13,890 - ERROR - Trace PY.BPH01..BHN:                network: PY
               station: BPH01
              location: 
               channel: BHN
             starttime: 2024-01-02T00:00:00.021900Z
               endtime: 2024-01-02T23:59:59.996900Z
         sampling_rate: 40.0
                 delta: 0.025
                  npts: 3456000
                 calib: 1.0
_fdsnws_dataselect_url: http://service.iris.edu/fdsnws/dataselect/1/query
               _format: MSEED
                 mseed: AttribDict({'dataquality': 'M', 'number_of_records': 5376, 'encoding': 'STEIM2', 'byteorder': '>', 'record_length': 512, 'filesize': 8346624})
            processing: ['ObsPy 1.4.0: trim(endtime=UTCDateTime(2024, 1, 2, 23, 59, 59, 996900)::fill_value=None::nearest_sample=True::pad=False::starttime=UTCDateTime(2024, 1, 1, 23, 59, 59, 996900))', "ObsPy 1.4.0: remove_response(fig=None::inventory=<obspy.core.inventory.inventory.Inventory object at 0x7f49a5aace20>::output='VEL'::plot=False::pre_filt=None::taper=True::taper_fraction=0.05::water_level=60::zero_mean=True)", "ObsPy 1.4.0: detrend(options={}::type='demean')", "ObsPy 1.4.0: detrend(options={}::type='linear')", "ObsPy 1.4.0: detrend(options={}::type='simple')", "ObsPy 1.4.0: taper(max_length=None::max_percentage=0.02::side='both'::type='hann')", "ObsPy 1.4.0: filter(options={'freqmin': 0.001, 'freqmax': 1.0, 'corners': 4, 'zerophase': True}::type='bandpass')", "ObsPy 1.4.0: detrend(options={}::type='demean')"]
2025-09-05 17:13:13,890 - ERROR - Trace PY.BPH01..BHZ:                network: PY
               station: BPH01
              location: 
               channel: BHZ
             starttime: 2024-01-02T00:00:00.021900Z
               endtime: 2024-01-02T23:59:59.996900Z
         sampling_rate: 40.0
                 delta: 0.025
                  npts: 3456000
                 calib: 1.0
_fdsnws_dataselect_url: http://service.iris.edu/fdsnws/dataselect/1/query
               _format: MSEED
                 mseed: AttribDict({'dataquality': 'M', 'number_of_records': 5525, 'encoding': 'STEIM2', 'byteorder': '>', 'record_length': 512, 'filesize': 8346624})
            processing: ['ObsPy 1.4.0: trim(endtime=UTCDateTime(2024, 1, 2, 23, 59, 59, 996900)::fill_value=None::nearest_sample=True::pad=False::starttime=UTCDateTime(2024, 1, 1, 23, 59, 59, 996900))', "ObsPy 1.4.0: remove_response(fig=None::inventory=<obspy.core.inventory.inventory.Inventory object at 0x7f49a5aace20>::output='VEL'::plot=False::pre_filt=None::taper=True::taper_fraction=0.05::water_level=60::zero_mean=True)", "ObsPy 1.4.0: detrend(options={}::type='demean')", "ObsPy 1.4.0: detrend(options={}::type='linear')", "ObsPy 1.4.0: detrend(options={}::type='simple')", "ObsPy 1.4.0: taper(max_length=None::max_percentage=0.02::side='both'::type='hann')", "ObsPy 1.4.0: filter(options={'freqmin': 0.001, 'freqmax': 1.0, 'corners': 4, 'zerophase': True}::type='bandpass')", "ObsPy 1.4.0: detrend(options={}::type='demean')"]
2025-09-05 17:13:13,890 - ERROR - Trace PY.BPH02..BHE:                network: PY
               station: BPH02
              location: 
               channel: BHE
             starttime: 2024-01-02T00:00:00.019500Z
               endtime: 2024-01-02T23:59:59.994500Z
         sampling_rate: 40.0
                 delta: 0.025
                  npts: 3456000
                 calib: 1.0
_fdsnws_dataselect_url: http://service.iris.edu/fdsnws/dataselect/1/query
               _format: MSEED
                 mseed: AttribDict({'dataquality': 'M', 'number_of_records': 5495, 'encoding': 'STEIM2', 'byteorder': '>', 'record_length': 512, 'filesize': 8475648})
            processing: ['ObsPy 1.4.0: trim(endtime=UTCDateTime(2024, 1, 2, 23, 59, 59, 994500)::fill_value=None::nearest_sample=True::pad=False::starttime=UTCDateTime(2024, 1, 1, 23, 59, 59, 994500))', "ObsPy 1.4.0: remove_response(fig=None::inventory=<obspy.core.inventory.inventory.Inventory object at 0x7f49a6a543d0>::output='VEL'::plot=False::pre_filt=None::taper=True::taper_fraction=0.05::water_level=60::zero_mean=True)", "ObsPy 1.4.0: detrend(options={}::type='demean')", "ObsPy 1.4.0: detrend(options={}::type='linear')", "ObsPy 1.4.0: detrend(options={}::type='simple')", "ObsPy 1.4.0: taper(max_length=None::max_percentage=0.02::side='both'::type='hann')", "ObsPy 1.4.0: filter(options={'freqmin': 0.001, 'freqmax': 1.0, 'corners': 4, 'zerophase': True}::type='bandpass')", "ObsPy 1.4.0: detrend(options={}::type='demean')"]
2025-09-05 17:13:13,891 - ERROR - Trace PY.BPH02..BHN:                network: PY
               station: BPH02
              location: 
               channel: BHN
             starttime: 2024-01-02T00:00:00.019500Z
               endtime: 2024-01-02T23:59:59.994500Z
         sampling_rate: 40.0
                 delta: 0.025
                  npts: 3456000
                 calib: 1.0
_fdsnws_dataselect_url: http://service.iris.edu/fdsnws/dataselect/1/query
               _format: MSEED
                 mseed: AttribDict({'dataquality': 'M', 'number_of_records': 5391, 'encoding': 'STEIM2', 'byteorder': '>', 'record_length': 512, 'filesize': 8475648})
            processing: ['ObsPy 1.4.0: trim(endtime=UTCDateTime(2024, 1, 2, 23, 59, 59, 994500)::fill_value=None::nearest_sample=True::pad=False::starttime=UTCDateTime(2024, 1, 1, 23, 59, 59, 994500))', "ObsPy 1.4.0: remove_response(fig=None::inventory=<obspy.core.inventory.inventory.Inventory object at 0x7f49a6a543d0>::output='VEL'::plot=False::pre_filt=None::taper=True::taper_fraction=0.05::water_level=60::zero_mean=True)", "ObsPy 1.4.0: detrend(options={}::type='demean')", "ObsPy 1.4.0: detrend(options={}::type='linear')", "ObsPy 1.4.0: detrend(options={}::type='simple')", "ObsPy 1.4.0: taper(max_length=None::max_percentage=0.02::side='both'::type='hann')", "ObsPy 1.4.0: filter(options={'freqmin': 0.001, 'freqmax': 1.0, 'corners': 4, 'zerophase': True}::type='bandpass')", "ObsPy 1.4.0: detrend(options={}::type='demean')"]
2025-09-05 17:13:13,891 - ERROR - Trace PY.BPH02..BHZ:                network: PY
               station: BPH02
              location: 
               channel: BHZ
             starttime: 2024-01-02T00:00:00.019500Z
               endtime: 2024-01-02T23:59:59.994500Z
         sampling_rate: 40.0
                 delta: 0.025
                  npts: 3456000
                 calib: 1.0
_fdsnws_dataselect_url: http://service.iris.edu/fdsnws/dataselect/1/query
               _format: MSEED
                 mseed: AttribDict({'dataquality': 'M', 'number_of_records': 5668, 'encoding': 'STEIM2', 'byteorder': '>', 'record_length': 512, 'filesize': 8475648})
            processing: ['ObsPy 1.4.0: trim(endtime=UTCDateTime(2024, 1, 2, 23, 59, 59, 994500)::fill_value=None::nearest_sample=True::pad=False::starttime=UTCDateTime(2024, 1, 1, 23, 59, 59, 994500))', "ObsPy 1.4.0: remove_response(fig=None::inventory=<obspy.core.inventory.inventory.Inventory object at 0x7f49a6a543d0>::output='VEL'::plot=False::pre_filt=None::taper=True::taper_fraction=0.05::water_level=60::zero_mean=True)", "ObsPy 1.4.0: detrend(options={}::type='demean')", "ObsPy 1.4.0: detrend(options={}::type='linear')", "ObsPy 1.4.0: detrend(options={}::type='simple')", "ObsPy 1.4.0: taper(max_length=None::max_percentage=0.02::side='both'::type='hann')", "ObsPy 1.4.0: filter(options={'freqmin': 0.001, 'freqmax': 1.0, 'corners': 4, 'zerophase': True}::type='bandpass')", "ObsPy 1.4.0: detrend(options={}::type='demean')"]
2025-09-05 17:13:13,891 - ERROR - Trace PY.BPH03..BHE:                network: PY
               station: BPH03
              location: 
               channel: BHE
             starttime: 2024-01-02T00:00:00.019500Z
               endtime: 2024-01-02T23:59:59.994500Z
         sampling_rate: 40.0
                 delta: 0.025
                  npts: 3456000
                 calib: 1.0
_fdsnws_dataselect_url: http://service.iris.edu/fdsnws/dataselect/1/query
               _format: MSEED
                 mseed: AttribDict({'dataquality': 'M', 'number_of_records': 5160, 'encoding': 'STEIM2', 'byteorder': '>', 'record_length': 512, 'filesize': 7955456})
            processing: ['ObsPy 1.4.0: trim(endtime=UTCDateTime(2024, 1, 2, 23, 59, 59, 994500)::fill_value=None::nearest_sample=True::pad=False::starttime=UTCDateTime(2024, 1, 1, 23, 59, 59, 994500))', "ObsPy 1.4.0: remove_response(fig=None::inventory=<obspy.core.inventory.inventory.Inventory object at 0x7f49a6724100>::output='VEL'::plot=False::pre_filt=None::taper=True::taper_fraction=0.05::water_level=60::zero_mean=True)", "ObsPy 1.4.0: detrend(options={}::type='demean')", "ObsPy 1.4.0: detrend(options={}::type='linear')", "ObsPy 1.4.0: detrend(options={}::type='simple')", "ObsPy 1.4.0: taper(max_length=None::max_percentage=0.02::side='both'::type='hann')", "ObsPy 1.4.0: filter(options={'freqmin': 0.001, 'freqmax': 1.0, 'corners': 4, 'zerophase': True}::type='bandpass')", "ObsPy 1.4.0: detrend(options={}::type='demean')"]
2025-09-05 17:13:13,891 - ERROR - Trace PY.BPH03..BHN:                network: PY
               station: BPH03
              location: 
               channel: BHN
             starttime: 2024-01-02T00:00:00.019500Z
               endtime: 2024-01-02T23:59:59.994500Z
         sampling_rate: 40.0
                 delta: 0.025
                  npts: 3456000
                 calib: 1.0
_fdsnws_dataselect_url: http://service.iris.edu/fdsnws/dataselect/1/query
               _format: MSEED
                 mseed: AttribDict({'dataquality': 'M', 'number_of_records': 5115, 'encoding': 'STEIM2', 'byteorder': '>', 'record_length': 512, 'filesize': 7955456})
            processing: ['ObsPy 1.4.0: trim(endtime=UTCDateTime(2024, 1, 2, 23, 59, 59, 994500)::fill_value=None::nearest_sample=True::pad=False::starttime=UTCDateTime(2024, 1, 1, 23, 59, 59, 994500))', "ObsPy 1.4.0: remove_response(fig=None::inventory=<obspy.core.inventory.inventory.Inventory object at 0x7f49a6724100>::output='VEL'::plot=False::pre_filt=None::taper=True::taper_fraction=0.05::water_level=60::zero_mean=True)", "ObsPy 1.4.0: detrend(options={}::type='demean')", "ObsPy 1.4.0: detrend(options={}::type='linear')", "ObsPy 1.4.0: detrend(options={}::type='simple')", "ObsPy 1.4.0: taper(max_length=None::max_percentage=0.02::side='both'::type='hann')", "ObsPy 1.4.0: filter(options={'freqmin': 0.001, 'freqmax': 1.0, 'corners': 4, 'zerophase': True}::type='bandpass')", "ObsPy 1.4.0: detrend(options={}::type='demean')"]
2025-09-05 17:13:13,891 - ERROR - Trace PY.BPH03..BHZ:                network: PY
               station: BPH03
              location: 
               channel: BHZ
             starttime: 2024-01-02T00:00:00.019500Z
               endtime: 2024-01-02T23:59:59.994500Z
         sampling_rate: 40.0
                 delta: 0.025
                  npts: 3456000
                 calib: 1.0
_fdsnws_dataselect_url: http://service.iris.edu/fdsnws/dataselect/1/query
               _format: MSEED
                 mseed: AttribDict({'dataquality': 'M', 'number_of_records': 5263, 'encoding': 'STEIM2', 'byteorder': '>', 'record_length': 512, 'filesize': 7955456})
            processing: ['ObsPy 1.4.0: trim(endtime=UTCDateTime(2024, 1, 2, 23, 59, 59, 994500)::fill_value=None::nearest_sample=True::pad=False::starttime=UTCDateTime(2024, 1, 1, 23, 59, 59, 994500))', "ObsPy 1.4.0: remove_response(fig=None::inventory=<obspy.core.inventory.inventory.Inventory object at 0x7f49a6724100>::output='VEL'::plot=False::pre_filt=None::taper=True::taper_fraction=0.05::water_level=60::zero_mean=True)", "ObsPy 1.4.0: detrend(options={}::type='demean')", "ObsPy 1.4.0: detrend(options={}::type='linear')", "ObsPy 1.4.0: detrend(options={}::type='simple')", "ObsPy 1.4.0: taper(max_length=None::max_percentage=0.02::side='both'::type='hann')", "ObsPy 1.4.0: filter(options={'freqmin': 0.001, 'freqmax': 1.0, 'corners': 4, 'zerophase': True}::type='bandpass')", "ObsPy 1.4.0: detrend(options={}::type='demean')"]
2025-09-05 17:13:13,891 - ERROR - Failed to process 2024-01-02: ADR computation failed: ADR computation failed: unsupported operand type(s) for ** or pow(): 'str' and 'int'
2025-09-05 17:13:13,892 - INFO - Processing 2024-01-03 from 2024-01-03T00:00:00.000000Z to 2024-01-04T00:00:00.000000Z
2025-09-05 17:13:13,892 - INFO - ADR Parameters: vp=6200, vs=3700, sigmau=1e-9
2025-09-05 17:13:13,892 - INFO - Requesting station inventories...
2025-09-05 17:13:15,206 - INFO - Retrieved inventories for 4 stations
2025-09-05 17:13:15,206 - INFO - Requesting and processing waveforms...
2025-09-05 17:13:15,206 - INFO - Filter parameters: {'type': 'bandpass', 'freqmin': 0.001, 'freqmax': 1.0, 'corners': 4, 'zerophase': True}
2025-09-05 17:17:22,487 - INFO - Array initialized successfully
2025-09-05 17:17:22,488 - INFO - Processing 3 days from 2024-01-01 to 2024-01-03
